TN:
SF:src\App.tsx
FN:20,App
FNF:1
FNH:1
FNDA:2,App
DA:1,1
DA:2,1
DA:3,1
DA:4,1
DA:5,1
DA:6,1
DA:7,1
DA:8,1
DA:9,1
DA:10,1
DA:11,1
DA:12,1
DA:13,1
DA:14,1
DA:15,1
DA:16,1
DA:17,1
DA:18,1
DA:20,2
DA:21,2
DA:23,2
DA:24,2
DA:25,2
DA:26,2
DA:28,2
DA:29,2
DA:30,2
DA:31,2
DA:32,2
DA:33,2
DA:34,2
DA:35,2
DA:36,2
DA:37,2
DA:38,2
DA:39,2
DA:40,2
DA:42,2
DA:43,2
DA:44,2
DA:45,2
DA:46,2
DA:48,2
LF:43
LH:43
BRDA:20,0,0,2
BRF:1
BRH:1
end_of_record
TN:
SF:src\components\AiSection.tsx
FN:44,AiSection
FNF:1
FNH:1
FNDA:5,AiSection
DA:1,1
DA:12,1
DA:13,1
DA:21,1
DA:22,1
DA:23,1
DA:24,1
DA:25,1
DA:26,1
DA:27,1
DA:28,1
DA:29,1
DA:30,1
DA:31,1
DA:32,1
DA:33,1
DA:34,1
DA:35,1
DA:36,1
DA:37,1
DA:38,1
DA:39,1
DA:40,1
DA:41,1
DA:42,1
DA:44,5
DA:45,5
DA:46,5
DA:47,5
DA:48,5
DA:50,5
DA:51,5
DA:53,5
DA:54,5
DA:55,5
DA:56,5
DA:58,5
DA:59,5
DA:61,5
DA:62,5
DA:66,5
DA:67,5
DA:69,5
DA:71,5
DA:72,5
DA:73,20
DA:74,20
DA:75,20
DA:77,20
DA:78,20
DA:79,20
DA:80,20
DA:81,20
DA:82,20
DA:83,20
DA:84,20
DA:85,5
DA:86,5
DA:89,5
DA:90,5
DA:91,5
DA:92,5
DA:93,5
DA:94,5
DA:95,5
DA:96,5
DA:98,5
DA:99,5
DA:100,5
DA:102,5
DA:103,5
DA:105,5
DA:107,5
DA:108,5
DA:109,5
DA:110,5
DA:111,5
DA:112,5
DA:114,5
DA:115,5
DA:117,5
DA:118,5
DA:120,5
DA:121,5
DA:122,5
DA:124,5
DA:126,5
DA:127,5
DA:128,5
DA:129,5
DA:130,5
DA:132,5
DA:133,5
DA:134,5
DA:135,5
DA:136,5
DA:137,5
DA:138,5
DA:139,5
DA:141,5
DA:142,5
DA:144,5
DA:145,5
DA:146,5
DA:147,5
DA:149,5
DA:150,5
DA:152,5
DA:153,5
DA:154,5
DA:155,5
DA:156,5
DA:157,5
DA:158,5
DA:159,5
DA:162,5
DA:163,5
DA:164,5
DA:165,5
DA:166,5
DA:169,5
DA:170,5
DA:171,5
DA:172,5
DA:173,5
DA:174,5
DA:177,5
DA:178,5
DA:179,5
DA:180,5
DA:181,5
DA:182,5
DA:185,5
DA:186,5
DA:187,5
DA:189,5
DA:190,5
DA:191,5
DA:192,5
DA:194,5
DA:196,5
DA:197,5
DA:198,5
DA:199,5
DA:201,5
LF:145
LH:145
BRDA:44,0,0,5
BRDA:72,1,0,20
BRF:2
BRH:2
end_of_record
TN:
SF:src\components\BackToTop.tsx
FN:4,BackToTop
FN:8,onScroll
FN:18,onClick
FNF:3
FNH:3
FNDA:7,BackToTop
FNDA:6,onScroll
FNDA:1,onClick
DA:1,1
DA:2,1
DA:4,7
DA:5,7
DA:7,7
DA:8,5
DA:9,5
DA:10,5
DA:11,5
DA:12,7
DA:14,7
DA:15,7
DA:16,7
DA:17,7
DA:18,7
DA:19,7
DA:20,7
DA:21,2
DA:22,5
DA:23,7
DA:25,7
DA:26,7
DA:28,7
LF:23
LH:23
BRDA:4,0,0,7
BRDA:20,1,0,2
BRDA:21,2,0,5
BRDA:7,3,0,5
BRDA:8,4,0,6
BRDA:11,5,0,5
BRDA:18,6,0,1
BRF:7
BRH:7
end_of_record
TN:
SF:src\components\CookieBanner.tsx
FN:11,CookieBanner
FN:23,accept
FNF:2
FNH:2
FNDA:12,CookieBanner
FNDA:1,accept
DA:1,1
DA:3,1
DA:4,1
DA:11,12
DA:12,12
DA:14,12
DA:15,6
DA:16,6
DA:17,6
DA:18,6
DA:19,0
DA:20,0
DA:21,12
DA:23,12
DA:24,1
DA:25,1
DA:26,1
DA:28,0
DA:29,1
DA:30,1
DA:32,12
DA:34,5
DA:35,5
DA:36,5
DA:37,5
DA:38,5
DA:39,5
DA:41,5
DA:42,5
DA:43,5
DA:45,5
DA:46,5
DA:47,5
DA:48,5
DA:49,5
DA:51,5
DA:53,5
DA:54,5
DA:55,5
DA:56,5
DA:57,5
DA:58,5
DA:60,5
DA:61,5
DA:62,5
DA:64,5
LF:46
LH:43
BRDA:11,0,0,12
BRDA:32,1,0,10
BRDA:32,2,0,7
BRDA:32,3,0,5
BRDA:14,4,0,6
BRDA:17,5,0,2
BRDA:17,6,0,5
BRDA:18,7,0,0
BRDA:23,8,0,1
BRDA:26,9,0,0
BRF:10
BRH:8
end_of_record
TN:
SF:src\components\Counter.tsx
FN:9,Counter
FNF:1
FNH:1
FNDA:32,Counter
DA:1,1
DA:9,32
DA:10,32
DA:11,32
DA:12,32
LF:5
LH:5
BRDA:9,0,0,32
BRF:1
BRH:1
end_of_record
TN:
SF:src\components\CtaLink.tsx
FN:9,CtaLink
FN:13,onClick
FNF:2
FNH:2
FNDA:46,CtaLink
FNDA:1,onClick
DA:2,1
DA:9,46
DA:10,46
DA:11,46
DA:12,46
DA:13,46
DA:14,1
DA:15,1
DA:16,1
DA:18,46
DA:19,46
DA:21,46
LF:12
LH:12
BRDA:9,0,0,46
BRDA:13,1,0,1
BRF:2
BRH:2
end_of_record
TN:
SF:src\components\CursorGlow.tsx
FN:8,CursorGlow
FN:23,onMove
FN:30,setVisible
FN:35,onLeave
FN:36,onEnter
FN:38,loop
FNF:6
FNH:2
FNDA:4,CursorGlow
FNDA:1,onMove
FNDA:0,setVisible
FNDA:0,onLeave
FNDA:0,onEnter
FNDA:0,loop
DA:1,1
DA:8,4
DA:9,4
DA:10,4
DA:12,4
DA:13,4
DA:14,4
DA:15,4
DA:17,4
DA:18,4
DA:19,4
DA:20,4
DA:21,4
DA:23,4
DA:24,1
DA:25,1
DA:27,1
DA:28,1
DA:30,4
DA:31,0
DA:32,0
DA:33,0
DA:34,0
DA:35,4
DA:36,4
DA:38,4
DA:39,0
DA:40,0
DA:41,0
DA:42,0
DA:43,0
DA:45,4
DA:46,4
DA:47,4
DA:48,4
DA:49,4
DA:50,4
DA:51,4
DA:52,4
DA:53,4
DA:54,4
DA:55,4
DA:57,4
DA:58,4
DA:59,4
DA:60,4
DA:61,4
DA:63,4
LF:48
LH:39
BRDA:8,0,0,4
BRDA:12,1,0,4
BRDA:15,2,0,0
BRDA:23,3,0,1
BRDA:49,4,0,4
BRF:5
BRH:4
end_of_record
TN:
SF:src\components\Faq.tsx
FN:47,Faq
FN:72,onClick
FNF:2
FNH:2
FNDA:9,Faq
FNDA:4,onClick
DA:1,1
DA:2,1
DA:4,1
DA:5,1
DA:6,1
DA:7,1
DA:8,1
DA:9,1
DA:10,1
DA:11,1
DA:12,1
DA:13,1
DA:14,1
DA:15,1
DA:16,1
DA:17,1
DA:18,1
DA:19,1
DA:20,1
DA:21,1
DA:22,1
DA:23,1
DA:24,1
DA:25,1
DA:26,1
DA:27,1
DA:28,1
DA:29,1
DA:30,1
DA:31,1
DA:32,1
DA:33,1
DA:34,1
DA:35,1
DA:36,1
DA:37,1
DA:38,1
DA:39,1
DA:40,1
DA:41,1
DA:42,1
DA:43,1
DA:44,1
DA:45,1
DA:47,9
DA:48,9
DA:50,9
DA:51,9
DA:52,9
DA:53,9
DA:54,9
DA:56,9
DA:57,9
DA:59,9
DA:60,9
DA:62,9
DA:63,9
DA:64,90
DA:65,90
DA:66,90
DA:67,90
DA:68,90
DA:70,90
DA:71,90
DA:72,90
DA:73,90
DA:74,90
DA:76,90
DA:77,90
DA:78,90
DA:79,90
DA:80,90
DA:81,90
DA:82,90
DA:83,90
DA:84,90
DA:85,9
DA:86,9
DA:87,9
DA:88,9
DA:90,9
LF:81
LH:81
BRDA:47,0,0,9
BRDA:63,1,0,90
BRDA:67,2,0,3
BRDA:67,3,0,87
BRDA:72,4,0,4
BRDA:72,5,0,1
BRDA:72,6,0,3
BRF:7
BRH:7
end_of_record
TN:
SF:src\components\Features.tsx
FN:115,Features
FNF:1
FNH:1
FNDA:4,Features
DA:1,1
DA:16,1
DA:27,1
DA:28,1
DA:29,1
DA:30,1
DA:31,1
DA:32,1
DA:33,1
DA:34,1
DA:35,1
DA:36,1
DA:37,1
DA:38,1
DA:39,1
DA:40,1
DA:41,1
DA:42,1
DA:43,1
DA:44,1
DA:45,1
DA:46,1
DA:47,1
DA:48,1
DA:49,1
DA:50,1
DA:51,1
DA:52,1
DA:53,1
DA:54,1
DA:55,1
DA:56,1
DA:57,1
DA:58,1
DA:59,1
DA:60,1
DA:61,1
DA:62,1
DA:63,1
DA:64,1
DA:65,1
DA:66,1
DA:67,1
DA:68,1
DA:69,1
DA:70,1
DA:71,1
DA:72,1
DA:73,1
DA:74,1
DA:75,1
DA:76,1
DA:77,1
DA:78,1
DA:79,1
DA:80,1
DA:81,1
DA:82,1
DA:83,1
DA:84,1
DA:85,1
DA:86,1
DA:87,1
DA:88,1
DA:89,1
DA:90,1
DA:91,1
DA:92,1
DA:93,1
DA:94,1
DA:95,1
DA:96,1
DA:97,1
DA:98,1
DA:99,1
DA:100,1
DA:101,1
DA:102,1
DA:103,1
DA:104,1
DA:105,1
DA:106,1
DA:108,1
DA:109,1
DA:110,1
DA:111,1
DA:112,1
DA:113,1
DA:115,4
DA:116,4
DA:117,4
DA:118,4
DA:119,4
DA:120,4
DA:122,4
DA:123,4
DA:125,4
DA:126,4
DA:129,4
DA:130,4
DA:132,4
DA:133,4
DA:134,48
DA:135,48
DA:136,48
DA:138,48
DA:139,8
DA:140,8
DA:141,8
DA:143,48
DA:144,48
DA:145,48
DA:146,48
DA:147,48
DA:148,48
DA:149,4
DA:150,4
DA:151,4
DA:152,4
DA:154,4
LF:120
LH:120
BRDA:115,0,0,4
BRDA:133,1,0,48
BRDA:136,2,0,32
BRDA:138,3,0,8
BRF:4
BRH:4
end_of_record
TN:
SF:src\components\FinalCta.tsx
FN:5,FinalCta
FNF:1
FNH:1
FNDA:3,FinalCta
DA:1,1
DA:2,1
DA:3,1
DA:5,3
DA:6,3
DA:7,3
DA:8,3
DA:9,3
DA:10,3
DA:11,3
DA:12,3
DA:13,3
DA:15,3
DA:16,3
DA:19,3
DA:20,3
DA:21,3
DA:22,3
DA:23,3
DA:25,3
DA:26,3
DA:27,3
DA:29,3
DA:30,3
DA:31,3
DA:32,3
DA:33,3
DA:35,3
LF:28
LH:28
BRDA:5,0,0,3
BRF:1
BRH:1
end_of_record
TN:
SF:src\components\Footer.tsx
FN:41,Footer
FNF:1
FNH:1
FNDA:5,Footer
DA:1,1
DA:2,1
DA:3,1
DA:4,1
DA:5,1
DA:6,1
DA:7,1
DA:8,1
DA:9,1
DA:10,1
DA:11,1
DA:12,1
DA:13,1
DA:14,1
DA:15,1
DA:16,1
DA:17,1
DA:18,1
DA:19,1
DA:20,1
DA:21,1
DA:22,1
DA:23,1
DA:24,1
DA:25,1
DA:26,1
DA:27,1
DA:28,1
DA:29,1
DA:30,1
DA:31,1
DA:32,1
DA:33,1
DA:34,1
DA:35,1
DA:36,1
DA:37,1
DA:38,1
DA:39,1
DA:41,5
DA:42,5
DA:43,5
DA:44,5
DA:45,5
DA:46,5
DA:47,5
DA:48,5
DA:49,5
DA:50,5
DA:51,5
DA:52,5
DA:53,5
DA:54,5
DA:55,5
DA:56,5
DA:57,5
DA:60,5
DA:61,5
DA:62,5
DA:63,15
DA:64,15
DA:65,15
DA:66,15
DA:67,65
DA:68,65
DA:69,65
DA:70,65
DA:71,65
DA:72,15
DA:73,15
DA:74,15
DA:75,5
DA:76,5
DA:77,5
DA:78,5
DA:79,5
DA:80,5
DA:81,5
DA:82,5
DA:84,5
LF:80
LH:80
BRDA:41,0,0,5
BRDA:62,1,0,15
BRDA:66,2,0,65
BRF:3
BRH:3
end_of_record
TN:
SF:src\components\Hero.tsx
FN:24,Hero
FNF:1
FNH:1
FNDA:6,Hero
DA:1,1
DA:10,1
DA:11,1
DA:12,1
DA:14,1
DA:15,1
DA:16,1
DA:17,1
DA:18,1
DA:19,1
DA:20,1
DA:21,1
DA:22,1
DA:24,6
DA:25,6
DA:26,6
DA:27,6
DA:28,6
DA:30,6
DA:31,6
DA:32,6
DA:33,6
DA:34,6
DA:35,6
DA:36,6
DA:37,6
DA:38,6
DA:39,6
DA:41,6
DA:42,6
DA:43,6
DA:44,6
DA:46,6
DA:48,6
DA:49,6
DA:50,6
DA:51,6
DA:53,6
DA:55,6
DA:56,6
DA:58,6
DA:60,6
DA:62,6
DA:63,6
DA:64,6
DA:65,6
DA:66,6
DA:68,6
DA:69,6
DA:70,6
DA:71,6
DA:72,6
DA:74,6
DA:76,6
DA:77,6
DA:79,6
DA:80,6
DA:81,6
DA:83,6
DA:84,6
DA:85,6
DA:87,6
DA:88,6
DA:89,6
DA:91,6
DA:92,6
DA:93,6
DA:95,6
DA:96,6
DA:97,6
DA:100,6
DA:101,6
DA:102,6
DA:103,6
DA:104,6
DA:105,6
DA:106,6
DA:107,6
DA:109,6
DA:110,6
DA:111,6
DA:112,6
DA:113,6
DA:114,6
DA:116,6
DA:117,6
DA:118,6
DA:119,6
DA:120,6
DA:121,6
DA:122,6
DA:124,6
DA:125,6
DA:126,6
DA:127,6
DA:128,6
DA:129,6
DA:130,6
DA:132,6
DA:133,6
DA:134,6
DA:135,6
DA:136,6
DA:137,6
DA:138,6
DA:140,6
DA:141,6
DA:143,6
DA:144,6
DA:145,6
DA:146,6
DA:147,6
DA:148,6
DA:149,6
DA:150,6
DA:151,6
DA:152,6
DA:153,6
DA:154,6
DA:155,6
DA:156,6
DA:157,6
DA:158,6
DA:159,6
DA:160,6
DA:161,6
DA:162,6
DA:163,6
DA:164,6
DA:165,6
DA:166,6
DA:167,6
DA:168,6
DA:169,6
DA:170,6
DA:171,6
DA:172,6
DA:173,6
DA:174,6
DA:175,6
DA:176,6
DA:178,6
DA:179,6
DA:180,6
DA:181,6
DA:182,6
DA:183,6
DA:184,6
DA:187,6
DA:188,6
DA:189,6
DA:190,84
DA:191,84
DA:192,84
DA:193,84
DA:194,6
DA:195,6
DA:196,6
DA:197,6
DA:199,6
LF:160
LH:160
BRDA:24,0,0,6
BRDA:189,1,0,84
BRF:2
BRH:2
end_of_record
TN:
SF:src\components\HowItWorks.tsx
FN:24,HowItWorks
FNF:1
FNH:1
FNDA:4,HowItWorks
DA:1,1
DA:2,1
DA:3,1
DA:4,1
DA:5,1
DA:6,1
DA:7,1
DA:8,1
DA:9,1
DA:10,1
DA:11,1
DA:12,1
DA:13,1
DA:14,1
DA:15,1
DA:16,1
DA:17,1
DA:18,1
DA:19,1
DA:20,1
DA:21,1
DA:22,1
DA:24,4
DA:25,4
DA:26,4
DA:27,4
DA:28,4
DA:29,4
DA:31,4
DA:32,4
DA:34,4
DA:35,4
DA:37,4
DA:38,4
DA:39,4
DA:40,4
DA:41,4
DA:42,4
DA:43,4
DA:44,4
DA:45,16
DA:46,16
DA:47,16
DA:48,16
DA:49,16
DA:50,16
DA:51,16
DA:52,4
DA:53,4
DA:54,4
DA:55,4
DA:57,4
LF:52
LH:52
BRDA:24,0,0,4
BRDA:44,1,0,16
BRF:2
BRH:2
end_of_record
TN:
SF:src\components\Navbar.tsx
FN:33,Navbar
FN:40,onScroll
FN:48,IntersectionObserver.rootMargin
FN:143,onClick
FN:172,onClick
FN:184,onClick
FNF:6
FNH:4
FNDA:11,Navbar
FNDA:6,onScroll
FNDA:0,IntersectionObserver.rootMargin
FNDA:1,onClick
FNDA:1,onClick
FNDA:0,onClick
DA:1,1
DA:2,1
DA:11,1
DA:12,1
DA:13,1
DA:15,1
DA:16,1
DA:17,1
DA:18,1
DA:19,1
DA:20,1
DA:21,1
DA:22,1
DA:24,1
DA:25,1
DA:26,1
DA:27,1
DA:28,1
DA:29,1
DA:30,1
DA:31,1
DA:33,11
DA:34,11
DA:35,11
DA:36,11
DA:37,11
DA:39,11
DA:40,6
DA:41,6
DA:42,6
DA:43,6
DA:44,11
DA:46,11
DA:47,6
DA:48,6
DA:49,0
DA:50,0
DA:51,0
DA:52,0
DA:53,6
DA:54,6
DA:55,6
DA:56,36
DA:57,36
DA:58,6
DA:59,6
DA:60,11
DA:62,11
DA:63,0
DA:64,11
DA:66,11
DA:67,11
DA:68,11
DA:69,11
DA:71,11
DA:72,11
DA:73,11
DA:75,11
DA:76,11
DA:77,11
DA:78,11
DA:79,11
DA:80,11
DA:81,11
DA:82,11
DA:83,11
DA:84,11
DA:85,11
DA:86,11
DA:88,11
DA:89,11
DA:90,66
DA:91,66
DA:92,66
DA:93,66
DA:94,66
DA:95,66
DA:96,66
DA:97,0
DA:98,66
DA:99,66
DA:101,66
DA:102,66
DA:104,11
DA:105,11
DA:107,11
DA:108,11
DA:109,11
DA:110,11
DA:111,11
DA:112,11
DA:114,11
DA:115,11
DA:116,11
DA:117,11
DA:118,11
DA:119,11
DA:120,11
DA:121,11
DA:123,11
DA:124,11
DA:125,11
DA:126,11
DA:127,11
DA:128,11
DA:129,11
DA:131,11
DA:132,11
DA:133,11
DA:134,11
DA:135,11
DA:136,11
DA:137,11
DA:138,11
DA:139,11
DA:140,11
DA:141,11
DA:142,11
DA:143,11
DA:144,11
DA:145,11
DA:147,11
DA:148,11
DA:149,11
DA:150,11
DA:151,11
DA:154,11
DA:155,11
DA:156,11
DA:157,11
DA:159,11
DA:160,11
DA:161,11
DA:162,11
DA:163,11
DA:164,11
DA:165,11
DA:166,11
DA:167,11
DA:168,11
DA:169,11
DA:170,11
DA:171,11
DA:172,11
DA:173,11
DA:174,11
DA:176,11
DA:177,11
DA:178,11
DA:179,11
DA:180,11
DA:181,66
DA:182,66
DA:183,66
DA:184,66
DA:185,66
DA:187,66
DA:188,66
DA:189,11
DA:190,11
DA:191,11
DA:192,11
DA:194,11
DA:195,11
DA:196,11
DA:197,11
DA:198,11
DA:200,11
DA:201,11
DA:202,11
DA:203,11
DA:204,11
DA:205,11
DA:207,11
DA:208,11
DA:209,11
DA:210,11
DA:212,11
LF:178
LH:172
BRDA:33,0,0,11
BRDA:62,1,0,0
BRDA:156,2,0,2
BRDA:156,3,0,9
BRDA:39,4,0,6
BRDA:40,5,0,6
BRDA:43,6,0,6
BRDA:46,7,0,6
BRDA:55,8,0,36
BRDA:57,9,0,12
BRDA:59,10,0,6
BRDA:89,11,0,66
BRDA:96,12,0,0
BRDA:143,13,0,1
BRDA:172,14,0,1
BRDA:180,15,0,66
BRF:16
BRH:14
end_of_record
TN:
SF:src\components\Pricing.tsx
FN:83,ars
FN:87,priceFor
FN:91,savingPct
FN:96,FeatureItem
FN:105,Pricing
FN:130,onClick
FNF:6
FNH:6
FNDA:42,ars
FNDA:56,priceFor
FNDA:35,savingPct
FNDA:140,FeatureItem
FNDA:7,Pricing
FNDA:1,onClick
DA:1,1
DA:2,1
DA:3,1
DA:4,1
DA:5,1
DA:9,1
DA:10,1
DA:11,1
DA:12,1
DA:13,1
DA:14,1
DA:28,1
DA:29,1
DA:30,1
DA:31,1
DA:32,1
DA:33,1
DA:34,1
DA:35,1
DA:36,1
DA:37,1
DA:38,1
DA:39,1
DA:40,1
DA:41,1
DA:42,1
DA:43,1
DA:44,1
DA:45,1
DA:46,1
DA:47,1
DA:48,1
DA:49,1
DA:50,1
DA:51,1
DA:52,1
DA:53,1
DA:54,1
DA:55,1
DA:56,1
DA:57,1
DA:58,1
DA:59,1
DA:60,1
DA:61,1
DA:62,1
DA:63,1
DA:64,1
DA:65,1
DA:66,1
DA:67,1
DA:68,1
DA:69,1
DA:70,1
DA:71,1
DA:72,1
DA:73,1
DA:74,1
DA:75,1
DA:76,1
DA:77,1
DA:78,1
DA:79,1
DA:80,1
DA:81,1
DA:83,42
DA:84,42
DA:85,42
DA:87,56
DA:88,56
DA:89,56
DA:91,35
DA:92,35
DA:93,35
DA:94,35
DA:96,140
DA:97,140
DA:98,140
DA:99,140
DA:100,140
DA:101,140
DA:103,140
DA:105,7
DA:106,7
DA:108,7
DA:109,7
DA:110,7
DA:111,7
DA:112,7
DA:114,7
DA:115,7
DA:117,7
DA:118,7
DA:120,7
DA:121,7
DA:124,7
DA:125,7
DA:126,7
DA:127,21
DA:128,21
DA:129,21
DA:130,21
DA:131,21
DA:132,21
DA:133,21
DA:134,7
DA:135,14
DA:136,21
DA:138,21
DA:139,21
DA:140,14
DA:141,14
DA:142,14
DA:144,21
DA:145,7
DA:146,7
DA:147,7
DA:149,7
DA:150,7
DA:151,21
DA:152,21
DA:154,21
DA:155,7
DA:156,14
DA:158,21
DA:159,7
DA:160,14
DA:162,21
DA:163,21
DA:164,21
DA:165,7
DA:166,7
DA:167,7
DA:169,21
DA:170,21
DA:172,21
DA:173,21
DA:174,21
DA:175,21
DA:176,21
DA:177,18
DA:178,3
DA:179,0
DA:180,3
DA:181,21
DA:182,21
DA:184,21
DA:185,3
DA:186,3
DA:187,3
DA:188,3
DA:190,18
DA:191,18
DA:192,18
DA:195,21
DA:196,21
DA:197,140
DA:198,21
DA:199,21
DA:201,21
DA:202,21
DA:203,21
DA:204,21
DA:206,21
DA:207,21
DA:209,7
DA:210,7
DA:212,7
DA:214,7
DA:215,7
DA:216,7
DA:217,7
DA:218,7
DA:220,7
DA:221,7
DA:222,7
DA:225,7
DA:226,7
DA:227,7
DA:229,7
LF:180
LH:179
BRDA:83,0,0,42
BRDA:87,1,0,56
BRDA:88,2,0,18
BRDA:88,3,0,38
BRDA:88,4,0,7
BRDA:88,5,0,31
BRDA:91,6,0,35
BRDA:92,7,0,0
BRDA:96,8,0,140
BRDA:105,9,0,7
BRDA:126,10,0,21
BRDA:133,11,0,7
BRDA:134,12,0,14
BRDA:139,13,0,14
BRDA:130,14,0,1
BRDA:150,15,0,21
BRDA:154,16,0,7
BRDA:155,17,0,14
BRDA:158,18,0,7
BRDA:159,19,0,14
BRDA:164,20,0,7
BRDA:176,21,0,18
BRDA:177,22,0,3
BRDA:178,23,0,0
BRDA:184,24,0,3
BRDA:188,25,0,18
BRDA:196,26,0,140
BRF:27
BRH:25
end_of_record
TN:
SF:src\components\ProblemSolution.tsx
FN:17,ProblemSolution
FNF:1
FNH:1
FNDA:4,ProblemSolution
DA:1,1
DA:3,1
DA:4,1
DA:5,1
DA:6,1
DA:7,1
DA:8,1
DA:10,1
DA:11,1
DA:12,1
DA:13,1
DA:14,1
DA:15,1
DA:17,4
DA:18,4
DA:19,4
DA:20,4
DA:21,4
DA:22,4
DA:24,4
DA:25,4
DA:28,4
DA:29,4
DA:31,4
DA:32,4
DA:33,4
DA:34,4
DA:35,4
DA:36,4
DA:37,4
DA:38,16
DA:39,16
DA:40,16
DA:41,16
DA:42,4
DA:43,4
DA:44,4
DA:45,4
DA:46,4
DA:47,4
DA:48,4
DA:49,4
DA:50,4
DA:51,16
DA:52,16
DA:53,16
DA:54,16
DA:55,4
DA:56,4
DA:57,4
DA:58,4
DA:59,4
DA:60,4
DA:62,4
LF:54
LH:54
BRDA:17,0,0,4
BRDA:37,1,0,16
BRDA:50,2,0,16
BRF:3
BRH:3
end_of_record
TN:
SF:src\components\Security.tsx
FN:6,randomCipher
FN:48,Security
FNF:2
FNH:2
FNDA:7,randomCipher
FNDA:5,Security
DA:1,1
DA:2,1
DA:4,1
DA:6,7
DA:7,7
DA:8,7
DA:9,336
DA:10,336
DA:11,7
DA:12,7
DA:14,1
DA:15,1
DA:16,1
DA:17,1
DA:18,1
DA:19,1
DA:20,1
DA:21,1
DA:22,1
DA:23,1
DA:24,1
DA:25,1
DA:26,1
DA:27,1
DA:28,1
DA:29,1
DA:30,1
DA:31,1
DA:32,1
DA:33,1
DA:34,1
DA:35,1
DA:36,1
DA:37,1
DA:38,1
DA:39,1
DA:41,1
DA:42,1
DA:43,1
DA:44,1
DA:45,1
DA:46,1
DA:48,5
DA:49,5
DA:51,5
DA:52,5
DA:53,5
DA:54,5
DA:56,5
DA:57,5
DA:58,5
DA:59,5
DA:61,5
DA:62,5
DA:63,5
DA:65,5
DA:66,5
DA:68,5
DA:69,5
DA:72,5
DA:74,5
DA:75,5
DA:76,20
DA:77,20
DA:78,20
DA:79,20
DA:80,20
DA:81,20
DA:82,20
DA:83,20
DA:84,20
DA:85,5
DA:86,5
DA:87,5
DA:89,5
DA:90,5
DA:91,5
DA:92,5
DA:93,5
DA:94,5
DA:95,5
DA:96,5
DA:97,5
DA:98,5
DA:99,5
DA:101,5
DA:102,5
DA:103,5
DA:104,5
DA:105,5
DA:106,5
DA:107,5
DA:108,5
DA:109,5
DA:110,5
DA:111,5
DA:112,5
DA:113,5
DA:114,5
DA:115,5
DA:116,5
DA:117,5
DA:118,5
DA:119,5
DA:120,5
DA:121,5
DA:122,5
DA:123,5
DA:125,5
DA:126,5
DA:127,5
DA:128,5
DA:129,5
DA:130,5
DA:131,5
DA:133,5
LF:116
LH:116
BRDA:6,0,0,7
BRDA:8,1,0,336
BRDA:48,2,0,5
BRDA:49,3,0,5
BRDA:51,4,0,5
BRDA:52,5,0,2
BRDA:53,6,0,5
BRDA:75,7,0,20
BRF:8
BRH:8
end_of_record
TN:
SF:src\components\Stats.tsx
FN:15,Stats
FNF:1
FNH:1
FNDA:3,Stats
DA:1,1
DA:3,1
DA:4,1
DA:5,1
DA:6,1
DA:7,1
DA:8,1
DA:9,1
DA:10,1
DA:11,1
DA:12,1
DA:13,1
DA:15,3
DA:16,3
DA:17,3
DA:18,3
DA:19,3
DA:20,12
DA:21,12
DA:22,12
DA:23,12
DA:24,12
DA:25,12
DA:26,12
DA:27,3
DA:28,3
DA:29,3
DA:31,3
LF:28
LH:28
BRDA:15,0,0,3
BRDA:19,1,0,12
BRF:2
BRH:2
end_of_record
TN:
SF:src\components\Testimonials.tsx
FN:25,Testimonials
FN:49,onMouseEnter
FN:50,onMouseLeave
FN:75,onClick
FNF:4
FNH:1
FNDA:5,Testimonials
FNDA:0,onMouseEnter
FNDA:0,onMouseLeave
FNDA:0,onClick
DA:1,1
DA:2,1
DA:4,1
DA:5,1
DA:6,1
DA:7,1
DA:8,1
DA:9,1
DA:10,1
DA:11,1
DA:12,1
DA:13,1
DA:14,1
DA:15,1
DA:16,1
DA:17,1
DA:18,1
DA:19,1
DA:20,1
DA:21,1
DA:22,1
DA:23,1
DA:25,5
DA:26,5
DA:27,5
DA:28,5
DA:30,5
DA:31,4
DA:32,4
DA:33,4
DA:34,5
DA:36,5
DA:37,5
DA:38,5
DA:39,5
DA:41,5
DA:42,5
DA:44,5
DA:45,5
DA:47,5
DA:48,5
DA:49,5
DA:50,5
DA:52,5
DA:53,5
DA:54,5
DA:55,5
DA:57,5
DA:58,15
DA:59,15
DA:60,15
DA:61,15
DA:62,15
DA:63,15
DA:64,15
DA:65,15
DA:66,5
DA:67,5
DA:68,5
DA:69,5
DA:70,5
DA:71,15
DA:72,15
DA:73,15
DA:74,15
DA:75,15
DA:76,15
DA:77,15
DA:78,5
DA:79,10
DA:81,15
DA:82,5
DA:83,5
DA:84,5
DA:85,5
DA:87,5
LF:76
LH:76
BRDA:25,0,0,5
BRDA:30,1,0,4
BRDA:31,2,0,0
BRDA:32,3,0,1
BRDA:32,4,0,1
BRDA:33,5,0,4
BRDA:57,6,0,15
BRDA:70,7,0,15
BRDA:77,8,0,5
BRDA:78,9,0,10
BRF:10
BRH:9
end_of_record
TN:
SF:src\components\TiltCard.tsx
FN:9,TiltCard
FN:12,handleMove
FN:21,handleLeave
FNF:3
FNH:3
FNDA:71,TiltCard
FNDA:1,handleMove
FNDA:1,handleLeave
DA:1,1
DA:9,71
DA:10,71
DA:12,71
DA:13,1
DA:14,1
DA:15,1
DA:16,1
DA:17,1
DA:18,1
DA:19,1
DA:21,71
DA:22,1
DA:23,1
DA:25,71
DA:26,71
DA:27,71
DA:28,71
DA:29,71
DA:30,71
DA:32,71
DA:33,71
DA:35,71
LF:23
LH:23
BRDA:9,0,0,71
BRDA:12,1,0,1
BRDA:14,2,0,0
BRDA:21,3,0,1
BRF:4
BRH:3
end_of_record
TN:
SF:src\hooks\useCountUp.ts
FN:7,useCountUp
FN:17,IntersectionObserver.threshold
FNF:2
FNH:1
FNDA:34,useCountUp
FNDA:0,IntersectionObserver.threshold
DA:1,1
DA:7,1
DA:8,34
DA:9,34
DA:10,34
DA:12,34
DA:13,34
DA:14,34
DA:16,32
DA:17,32
DA:18,0
DA:19,0
DA:20,0
DA:21,0
DA:23,0
DA:24,0
DA:25,0
DA:26,0
DA:27,0
DA:28,0
DA:29,0
DA:30,0
DA:31,0
DA:32,0
DA:33,0
DA:34,32
DA:35,32
DA:37,32
DA:38,32
DA:39,34
DA:41,34
DA:42,34
DA:43,34
LF:33
LH:18
BRDA:7,0,0,34
BRDA:41,1,0,5
BRDA:41,2,0,29
BRDA:12,3,0,34
BRDA:14,4,0,2
BRDA:14,5,0,32
BRDA:38,6,0,32
BRF:7
BRH:7
end_of_record
TN:
SF:src\hooks\useScrollReveal.ts
FN:14,useScrollReveal
FNF:1
FNH:1
FNDA:2,useScrollReveal
DA:1,1
DA:2,1
DA:3,1
DA:5,1
DA:14,1
DA:15,2
DA:16,2
DA:17,2
DA:18,0
DA:19,0
DA:20,0
DA:21,0
DA:22,0
DA:23,0
DA:24,0
DA:25,0
DA:26,0
DA:27,0
DA:28,0
DA:29,2
DA:31,2
DA:32,2
DA:33,2
DA:34,2
DA:35,2
DA:36,2
DA:37,2
DA:38,2
DA:39,2
DA:40,2
DA:42,2
DA:43,2
DA:44,2
LF:33
LH:22
BRDA:14,0,0,2
BRDA:15,1,0,2
BRDA:16,2,0,2
BRDA:42,3,0,2
BRF:4
BRH:4
end_of_record
TN:
SF:src\hooks\useTheme.ts
FN:7,currentTheme
FN:15,useTheme
FNF:2
FNH:2
FNDA:16,currentTheme
FNDA:15,useTheme
DA:1,1
DA:3,1
DA:7,16
DA:8,16
DA:9,16
DA:15,1
DA:16,15
DA:18,15
DA:19,8
DA:20,15
DA:22,15
DA:23,3
DA:24,3
DA:25,3
DA:26,3
DA:27,3
DA:29,0
DA:30,3
DA:31,15
DA:33,15
DA:34,15
LF:21
LH:20
BRDA:7,0,0,16
BRDA:8,1,0,0
BRDA:15,2,0,15
BRDA:18,3,0,8
BRDA:22,4,0,3
BRDA:24,5,0,2
BRDA:24,6,0,1
BRDA:27,7,0,0
BRF:8
BRH:6
end_of_record
TN:
SF:src\lib\confetti.ts
FN:4,burstFrom
FNF:1
FNH:1
FNDA:4,burstFrom
DA:1,1
DA:4,1
DA:5,4
DA:6,2
DA:7,2
DA:8,2
DA:9,2
DA:10,2
DA:11,2
DA:12,2
DA:13,2
DA:14,2
DA:15,2
DA:16,2
DA:17,2
LF:15
LH:15
BRDA:4,0,0,4
BRDA:5,1,0,2
BRF:2
BRH:2
end_of_record
TN:
SF:src\lib\urls.ts
FN:11,stripSlash
FN:35,contadoresLoginWithTier
FNF:2
FNH:2
FNDA:21,stripSlash
FNDA:26,contadoresLoginWithTier
DA:11,1
DA:14,1
DA:15,1
DA:16,1
DA:19,1
DA:20,1
DA:21,1
DA:24,1
DA:25,1
DA:26,1
DA:29,1
DA:32,1
DA:35,1
DA:36,26
LF:14
LH:14
BRDA:11,0,0,21
BRDA:35,1,0,26
BRF:2
BRH:2
end_of_record
